<?xml version="1.0" encoding="UTF-8"?>
<!-- Generated by org.testng.reporters.JUnitReportReporter -->
<testsuite hostname="Sanj" failures="0" tests="2" name="testScripts.TATA" time="6.286" errors="0" timestamp="2023-11-05T22:25:46 IST" skipped="0">
  <testcase classname="testScripts.TATA" name="tata" time="0.602"/>
  <testcase classname="testScripts.TATA" name="tata" time="5.684"/>
  <system-out>
    <![CDATA[Browser is Launched
Browser is Launched
Browser is Launched
Browser is Maximized
Browser is Maximized
Browser is Maximized
Browser is Launched
Browser is Maximized
Browser is Launched
Browser is Maximized
Browser is Launched
Browser is Maximized
Browser is Launched
Browser is Maximized
Browser is Launched
Browser is Maximized]]>
  </system-out>
</testsuite> <!-- testScripts.TATA -->
