<?xml version="1.0" encoding="UTF-8"?>
<!-- Generated by org.testng.reporters.JUnitReportReporter -->
<testsuite hostname="Sanj" failures="0" tests="1" name="testng.TC_DairyMilk_006" time="7.442" errors="0" timestamp="2023-09-18T14:53:14 CEST" skipped="0">
  <testcase classname="testng.TC_DairyMilk_006" name="openingDairyMilk" time="7.442">
    <system-out>
      <![CDATA[Browser is Launched
Browser is Maximized
Opened cadbury page
Browser closed]]>
    </system-out>
  </testcase> <!-- openingDairyMilk -->
  <system-out>
    <![CDATA[Browser is Launched
Browser is Launched
Browser is Launched
Browser is Launched
Browser is Launched
Browser is Maximized
Browser is Maximized
Browser is Maximized
Browser is Maximized
Browser is Maximized
Opened apple page
Browser closed
Opened ferrero page
Browser closed
Browser is Launched
Opened MI page
Browser is Maximized
Opened kinder page
Browser is Launched
Browser is Maximized
Browser closed
Opened motorola page
Browser closed
Browser closed
Browser is Launched
Browser is Maximized
Opened cadbury page
Browser closed
Opened nestle page
Browser closed
Opened galaxy page]]>
  </system-out>
</testsuite> <!-- testng.TC_DairyMilk_006 -->
