<?xml version="1.0" encoding="UTF-8"?>
<!-- Generated by org.testng.reporters.JUnitReportReporter -->
<testsuite hostname="Sanj" failures="0" tests="1" name="testng.TC_ferrora_007" time="13.899" errors="0" timestamp="2023-12-02T12:38:53 IST" skipped="0">
  <testcase classname="testng.TC_ferrora_007" name="openingferrero" time="13.899">
    <system-out>
      <![CDATA[Browser is Launched
Browser is Maximized
Opened ferrero page
Browser closed]]>
    </system-out>
  </testcase> <!-- openingferrero -->
  <system-out>
    <![CDATA[Browser is Launched
Browser is Launched
Browser is Launched
Browser is Launched
Browser is Launched
Browser is Maximized
Browser is Maximized
Browser is Maximized
Browser is Maximized
Browser is Maximized
Opened apple page
Opened ferrero page
Opened vivo page
Browser closed
Opened oppo page
Browser closed
Browser closed
Browser closed
Opened motorola page
Browser is Launched
Browser closed
Browser is Launched
Browser is Maximized
Browser is Maximized
Opened MI page
Browser is Launched
Browser is Launched
Browser is Maximized
Browser is Launched
Browser is Maximized
Browser is Maximized
Opened kinder page
Browser closed
Browser closed
Opened cadbury page
Browser closed
Opened nestle page
Browser closed
Opened galaxy page
Browser closed]]>
  </system-out>
</testsuite> <!-- testng.TC_ferrora_007 -->
