<?xml version="1.0" encoding="UTF-8"?>
<!-- Generated by org.testng.reporters.JUnitReportReporter -->
<testsuite hostname="Sanj" failures="0" tests="1" name="testng.TC_Oppo_002" time="5.216" errors="0" timestamp="2023-09-16T09:40:14 CEST" skipped="0">
  <testcase classname="testng.TC_Oppo_002" name="openingOppo" time="5.216">
    <system-out>
      <![CDATA[Browser is Launched
Browser is Maximized
Opened oppo page
Browser closed]]>
    </system-out>
  </testcase> <!-- openingOppo -->
  <system-out>
    <![CDATA[Browser is Launched
Browser is Maximized
Opened apple page
Browser closed
Browser is Launched
Browser is Maximized
Opened vivo page
Browser closed
Browser is Launched
Browser is Maximized
Opened oppo page
Browser closed
Browser is Launched
Browser is Maximized
Opened ferrero page
Browser closed
Browser is Launched
Browser is Maximized
Opened kinder page
Browser closed
Browser is Launched
Browser is Maximized
Opened MI page
Browser closed
Browser is Launched
Browser is Maximized
Opened cadbury page
Browser closed
Browser is Launched
Browser is Maximized
Opened nestle page
Browser closed
Browser is Launched
Browser is Maximized
Opened galaxy page
Browser closed]]>
  </system-out>
</testsuite> <!-- testng.TC_Oppo_002 -->
