<?xml version="1.0" encoding="UTF-8"?>
<!-- Generated by org.testng.reporters.JUnitReportReporter -->
<testsuite hostname="Sanj" failures="0" tests="6" name="workingWithTestNG.workingWithPriority" time="0.010" errors="0" timestamp="2023-09-06T20:40:39 CEST" skipped="0">
  <testcase classname="workingWithTestNG.workingWithPriority" name="logout" time="0.002"/>
  <testcase classname="workingWithTestNG.workingWithPriority" name="homepage" time="0.001"/>
  <testcase classname="workingWithTestNG.workingWithPriority" name="Homepage" time="0.001"/>
  <testcase classname="workingWithTestNG.workingWithPriority" name="login" time="0.001"/>
  <testcase classname="workingWithTestNG.workingWithPriority" name="productcart" time="0.004"/>
  <testcase classname="workingWithTestNG.workingWithPriority" name="payment" time="0.001"/>
</testsuite> <!-- workingWithTestNG.workingWithPriority -->
