<?xml version="1.0" encoding="UTF-8"?>
<!-- Generated by org.testng.reporters.JUnitReportReporter -->
<testsuite hostname="Sanj" failures="0" tests="1" name="ReadFromFiles.ReadDataFromPropertyFile" time="0.018" errors="0" timestamp="2023-11-10T13:38:09 IST" skipped="0">
  <testcase classname="ReadFromFiles.ReadDataFromPropertyFile" name="getData" time="0.018"/>
</testsuite> <!-- ReadFromFiles.ReadDataFromPropertyFile -->
