<?xml version="1.0" encoding="UTF-8"?>
<!-- Generated by org.testng.reporters.JUnitReportReporter -->
<testsuite hostname="Sanj" failures="0" tests="6" name="workingWithTestNG.sample" time="0.013" errors="0" timestamp="2023-09-06T20:40:39 CEST" skipped="0">
  <testcase classname="workingWithTestNG.sample" name="logout" time="0.003"/>
  <testcase classname="workingWithTestNG.sample" name="productcart" time="0.002"/>
  <testcase classname="workingWithTestNG.sample" name="payment" time="0.002"/>
  <testcase classname="workingWithTestNG.sample" name="login" time="0.002"/>
  <testcase classname="workingWithTestNG.sample" name="homepage" time="0.003"/>
  <testcase classname="workingWithTestNG.sample" name="Homepage" time="0.001"/>
</testsuite> <!-- workingWithTestNG.sample -->
