<?xml version="1.0" encoding="UTF-8"?>
<!-- Generated by org.testng.reporters.JUnitReportReporter -->
<testsuite hostname="Sanj" failures="0" tests="1" name="configAnnotations.TC_001" time="9.005" errors="0" timestamp="2023-09-21T00:00:44 IST" skipped="0">
  <testcase classname="configAnnotations.TC_001" name="script" time="9.005">
    <system-out>
      <![CDATA[Home page is displayed]]>
    </system-out>
  </testcase> <!-- script -->
  <system-out>
    <![CDATA[########################### Browser Launched ###################################
Home page is displayed]]>
  </system-out>
</testsuite> <!-- configAnnotations.TC_001 -->
