<?xml version="1.0" encoding="UTF-8"?>
<!-- Generated by org.testng.reporters.JUnitReportReporter -->
<testsuite hostname="Sanj" failures="0" tests="1" name="configAnnotations.trial" time="43.249" errors="0" timestamp="2023-09-18T18:59:54 CEST" skipped="0">
  <testcase classname="configAnnotations.trial" name="script" time="43.249"/>
  <system-out>
    <![CDATA[########################### Browser Launched ###################################
Home page is displayed]]>
  </system-out>
</testsuite> <!-- configAnnotations.trial -->
