<?xml version="1.0" encoding="UTF-8"?>
<!-- Generated by org.testng.reporters.JUnitReportReporter -->
<testsuite hostname="Sanj" failures="0" tests="1" name="testng.TC_galaxy_008" time="11.524" errors="0" timestamp="2023-11-07T12:22:57 IST" skipped="0">
  <testcase classname="testng.TC_galaxy_008" name="openingGalaxy" time="11.524">
    <system-out>
      <![CDATA[Browser is Launched
Browser is Maximized
Opened galaxy page
Browser closed]]>
    </system-out>
  </testcase> <!-- openingGalaxy -->
  <system-out>
    <![CDATA[Browser is Launched
Browser is Maximized
Opened apple page
Browser closed
Browser is Launched
Browser is Maximized
Opened cadbury page
Browser closed
Browser is Launched
Browser is Maximized
Opened galaxy page
Browser closed]]>
  </system-out>
</testsuite> <!-- testng.TC_galaxy_008 -->
